CRITICAL - 2024-05-08 07:06:50 --> CodeIgniter\View\Exceptions\ViewException: Invalid file: "admin/admin-partial/sidebar.php"
[Method: GET, Route: dashboard]
in SYSTEMPATH\Exceptions\FrameworkException.php on line 41.
 1 SYSTEMPATH\View\View.php(222): CodeIgniter\Exceptions\FrameworkException::forInvalidFile('admin/admin-partial/sidebar.php')
 2 SYSTEMPATH\View\View.php(484): CodeIgniter\View\View->render('admin/admin-partial/sidebar', null, true)
 3 APPPATH\Views\admin\admin-partials\index.php(24): CodeIgniter\View\View->include('admin/admin-partial/sidebar')
 4 SYSTEMPATH\View\View.php(234): include('C:\\xampp\\htdocs\\WotakusCI\\app\\Views\\admin\\admin-partials\\index.php')
 5 SYSTEMPATH\View\View.php(237): CodeIgniter\View\View->CodeIgniter\View\{closure}()
 6 SYSTEMPATH\Common.php(1171): CodeIgniter\View\View->render('admin/admin-partials/index', [], true)
 7 APPPATH\Controllers\adminController.php(14): view('admin/admin-partials/index')
 8 SYSTEMPATH\CodeIgniter.php(933): App\Controllers\adminController->dashboard()
 9 SYSTEMPATH\CodeIgniter.php(509): CodeIgniter\CodeIgniter->runController(Object(App\Controllers\adminController))
10 SYSTEMPATH\CodeIgniter.php(355): CodeIgniter\CodeIgniter->handleRequest(null, Object(Config\Cache), false)
11 SYSTEMPATH\Boot.php(312): CodeIgniter\CodeIgniter->run()
12 SYSTEMPATH\Boot.php(67): CodeIgniter\Boot::runCodeIgniter(Object(CodeIgniter\CodeIgniter))
13 FCPATH\index.php(56): CodeIgniter\Boot::bootWeb(Object(Config\Paths))
14 SYSTEMPATH\Commands\Server\rewrite.php(49): require_once('C:\\xampp\\htdocs\\WotakusCI\\public\\index.php')
CRITICAL - 2024-05-08 07:08:32 --> CodeIgniter\View\Exceptions\ViewException: Invalid file: "admin/admin-partial/sidebar.php"
[Method: GET, Route: dashboard]
in SYSTEMPATH\Exceptions\FrameworkException.php on line 41.
 1 SYSTEMPATH\View\View.php(222): CodeIgniter\Exceptions\FrameworkException::forInvalidFile('admin/admin-partial/sidebar.php')
 2 SYSTEMPATH\View\View.php(484): CodeIgniter\View\View->render('admin/admin-partial/sidebar', null, true)
 3 APPPATH\Views\admin\admin-partials\index.php(24): CodeIgniter\View\View->include('admin/admin-partial/sidebar')
 4 SYSTEMPATH\View\View.php(234): include('C:\\xampp\\htdocs\\WotakusCI\\app\\Views\\admin\\admin-partials\\index.php')
 5 SYSTEMPATH\View\View.php(237): CodeIgniter\View\View->CodeIgniter\View\{closure}()
 6 SYSTEMPATH\Common.php(1171): CodeIgniter\View\View->render('admin/admin-partials/index', [], true)
 7 APPPATH\Controllers\adminController.php(14): view('admin/admin-partials/index')
 8 SYSTEMPATH\CodeIgniter.php(933): App\Controllers\adminController->dashboard()
 9 SYSTEMPATH\CodeIgniter.php(509): CodeIgniter\CodeIgniter->runController(Object(App\Controllers\adminController))
10 SYSTEMPATH\CodeIgniter.php(355): CodeIgniter\CodeIgniter->handleRequest(null, Object(Config\Cache), false)
11 SYSTEMPATH\Boot.php(312): CodeIgniter\CodeIgniter->run()
12 SYSTEMPATH\Boot.php(67): CodeIgniter\Boot::runCodeIgniter(Object(CodeIgniter\CodeIgniter))
13 FCPATH\index.php(56): CodeIgniter\Boot::bootWeb(Object(Config\Paths))
14 SYSTEMPATH\Commands\Server\rewrite.php(49): require_once('C:\\xampp\\htdocs\\WotakusCI\\public\\index.php')
CRITICAL - 2024-05-08 07:09:18 --> Error: Call to undefined function user()
[Method: GET, Route: dashboard]
in APPPATH\Views\admin\admin-partials\topbar.php on line 13.
 1 SYSTEMPATH\View\View.php(234): include()
 2 SYSTEMPATH\View\View.php(237): CodeIgniter\View\View->CodeIgniter\View\{closure}()
 3 SYSTEMPATH\View\View.php(484): CodeIgniter\View\View->render('admin/admin-partials/topbar', null, true)
 4 APPPATH\Views\admin\admin-partials\index.php(31): CodeIgniter\View\View->include('admin/admin-partials/topbar')
 5 SYSTEMPATH\View\View.php(234): include('C:\\xampp\\htdocs\\WotakusCI\\app\\Views\\admin\\admin-partials\\index.php')
 6 SYSTEMPATH\View\View.php(237): CodeIgniter\View\View->CodeIgniter\View\{closure}()
 7 SYSTEMPATH\Common.php(1171): CodeIgniter\View\View->render('admin/admin-partials/index', [], true)
 8 APPPATH\Controllers\adminController.php(14): view('admin/admin-partials/index')
 9 SYSTEMPATH\CodeIgniter.php(933): App\Controllers\adminController->dashboard()
10 SYSTEMPATH\CodeIgniter.php(509): CodeIgniter\CodeIgniter->runController(Object(App\Controllers\adminController))
11 SYSTEMPATH\CodeIgniter.php(355): CodeIgniter\CodeIgniter->handleRequest(null, Object(Config\Cache), false)
12 SYSTEMPATH\Boot.php(312): CodeIgniter\CodeIgniter->run()
13 SYSTEMPATH\Boot.php(67): CodeIgniter\Boot::runCodeIgniter(Object(CodeIgniter\CodeIgniter))
14 FCPATH\index.php(56): CodeIgniter\Boot::bootWeb(Object(Config\Paths))
15 SYSTEMPATH\Commands\Server\rewrite.php(49): require_once('C:\\xampp\\htdocs\\WotakusCI\\public\\index.php')
CRITICAL - 2024-05-08 07:25:47 --> CodeIgniter\View\Exceptions\ViewException: Invalid file: "layouts/admin.php"
[Method: GET, Route: dashboard]
in SYSTEMPATH\Exceptions\FrameworkException.php on line 41.
 1 SYSTEMPATH\View\View.php(222): CodeIgniter\Exceptions\FrameworkException::forInvalidFile('layouts/admin.php')
 2 SYSTEMPATH\View\View.php(250): CodeIgniter\View\View->render('layouts/admin', [], true)
 3 SYSTEMPATH\Common.php(1171): CodeIgniter\View\View->render('admin/admin-partials/index', [], true)
 4 APPPATH\Controllers\adminController.php(14): view('admin/admin-partials/index')
 5 SYSTEMPATH\CodeIgniter.php(933): App\Controllers\adminController->dashboard()
 6 SYSTEMPATH\CodeIgniter.php(509): CodeIgniter\CodeIgniter->runController(Object(App\Controllers\adminController))
 7 SYSTEMPATH\CodeIgniter.php(355): CodeIgniter\CodeIgniter->handleRequest(null, Object(Config\Cache), false)
 8 SYSTEMPATH\Boot.php(312): CodeIgniter\CodeIgniter->run()
 9 SYSTEMPATH\Boot.php(67): CodeIgniter\Boot::runCodeIgniter(Object(CodeIgniter\CodeIgniter))
10 FCPATH\index.php(56): CodeIgniter\Boot::bootWeb(Object(Config\Paths))
11 SYSTEMPATH\Commands\Server\rewrite.php(49): require_once('C:\\xampp\\htdocs\\WotakusCI\\public\\index.php')
CRITICAL - 2024-05-08 07:51:43 --> ErrorException: Undefined variable $animes
[Method: GET, Route: dashboard]
in APPPATH\Views\admin\admin-partials\admin.php on line 11.
 1 APPPATH\Views\admin\admin-partials\admin.php(11): CodeIgniter\Debug\Exceptions->errorHandler(2, 'Undefined variable $animes', 'C:\\xampp\\htdocs\\WotakusCI\\app\\Views\\admin\\admin-partials\\admin.php', 11)
 2 SYSTEMPATH\View\View.php(234): include('C:\\xampp\\htdocs\\WotakusCI\\app\\Views\\admin\\admin-partials\\admin.php')
 3 SYSTEMPATH\View\View.php(237): CodeIgniter\View\View->CodeIgniter\View\{closure}()
 4 SYSTEMPATH\Common.php(1171): CodeIgniter\View\View->render('admin/admin-partials/admin', [], true)
 5 APPPATH\Controllers\adminController.php(14): view('admin/admin-partials/admin')
 6 SYSTEMPATH\CodeIgniter.php(933): App\Controllers\adminController->dashboard()
 7 SYSTEMPATH\CodeIgniter.php(509): CodeIgniter\CodeIgniter->runController(Object(App\Controllers\adminController))
 8 SYSTEMPATH\CodeIgniter.php(355): CodeIgniter\CodeIgniter->handleRequest(null, Object(Config\Cache), false)
 9 SYSTEMPATH\Boot.php(312): CodeIgniter\CodeIgniter->run()
10 SYSTEMPATH\Boot.php(67): CodeIgniter\Boot::runCodeIgniter(Object(CodeIgniter\CodeIgniter))
11 FCPATH\index.php(56): CodeIgniter\Boot::bootWeb(Object(Config\Paths))
12 SYSTEMPATH\Commands\Server\rewrite.php(49): require_once('C:\\xampp\\htdocs\\WotakusCI\\public\\index.php')
CRITICAL - 2024-05-08 08:14:40 --> ErrorException: Undefined variable $anime
[Method: GET, Route: dashboard]
in APPPATH\Views\admin\admin-partials\admin.php on line 17.
 1 APPPATH\Views\admin\admin-partials\admin.php(17): CodeIgniter\Debug\Exceptions->errorHandler(2, 'Undefined variable $anime', 'C:\\xampp\\htdocs\\WotakusCI\\app\\Views\\admin\\admin-partials\\admin.php', 17)
 2 SYSTEMPATH\View\View.php(234): include('C:\\xampp\\htdocs\\WotakusCI\\app\\Views\\admin\\admin-partials\\admin.php')
 3 SYSTEMPATH\View\View.php(237): CodeIgniter\View\View->CodeIgniter\View\{closure}()
 4 SYSTEMPATH\Common.php(1171): CodeIgniter\View\View->render('admin/admin-partials/admin', [], true)
 5 APPPATH\Controllers\adminController.php(19): view('admin/admin-partials/admin', [...])
 6 SYSTEMPATH\CodeIgniter.php(933): App\Controllers\adminController->dashboard()
 7 SYSTEMPATH\CodeIgniter.php(509): CodeIgniter\CodeIgniter->runController(Object(App\Controllers\adminController))
 8 SYSTEMPATH\CodeIgniter.php(355): CodeIgniter\CodeIgniter->handleRequest(null, Object(Config\Cache), false)
 9 SYSTEMPATH\Boot.php(312): CodeIgniter\CodeIgniter->run()
10 SYSTEMPATH\Boot.php(67): CodeIgniter\Boot::runCodeIgniter(Object(CodeIgniter\CodeIgniter))
11 FCPATH\index.php(56): CodeIgniter\Boot::bootWeb(Object(Config\Paths))
12 SYSTEMPATH\Commands\Server\rewrite.php(49): require_once('C:\\xampp\\htdocs\\WotakusCI\\public\\index.php')
CRITICAL - 2024-05-08 08:47:04 --> CodeIgniter\HTTP\Exceptions\BadRequestException: The URI you submitted has disallowed characters: "detail{id}"
[Method: GET, Route: dashboard/detail%7Bid%7D]
in SYSTEMPATH\Router\Router.php on line 736.
 1 SYSTEMPATH\Router\Router.php(203): CodeIgniter\Router\Router->checkDisallowedChars('dashboard/detail{id}')
 2 SYSTEMPATH\CodeIgniter.php(834): CodeIgniter\Router\Router->handle('dashboard/detail{id}')
 3 SYSTEMPATH\CodeIgniter.php(457): CodeIgniter\CodeIgniter->tryToRouteIt(Object(CodeIgniter\Router\RouteCollection))
 4 SYSTEMPATH\CodeIgniter.php(355): CodeIgniter\CodeIgniter->handleRequest(null, Object(Config\Cache), false)
 5 SYSTEMPATH\Boot.php(312): CodeIgniter\CodeIgniter->run()
 6 SYSTEMPATH\Boot.php(67): CodeIgniter\Boot::runCodeIgniter(Object(CodeIgniter\CodeIgniter))
 7 FCPATH\index.php(56): CodeIgniter\Boot::bootWeb(Object(Config\Paths))
 8 SYSTEMPATH\Commands\Server\rewrite.php(49): require_once('C:\\xampp\\htdocs\\WotakusCI\\public\\index.php')
CRITICAL - 2024-05-08 08:47:17 --> CodeIgniter\HTTP\Exceptions\BadRequestException: The URI you submitted has disallowed characters: "detail{id}"
[Method: GET, Route: dashboard/detail%7Bid%7D]
in SYSTEMPATH\Router\Router.php on line 736.
 1 SYSTEMPATH\Router\Router.php(203): CodeIgniter\Router\Router->checkDisallowedChars('dashboard/detail{id}')
 2 SYSTEMPATH\CodeIgniter.php(834): CodeIgniter\Router\Router->handle('dashboard/detail{id}')
 3 SYSTEMPATH\CodeIgniter.php(457): CodeIgniter\CodeIgniter->tryToRouteIt(Object(CodeIgniter\Router\RouteCollection))
 4 SYSTEMPATH\CodeIgniter.php(355): CodeIgniter\CodeIgniter->handleRequest(null, Object(Config\Cache), false)
 5 SYSTEMPATH\Boot.php(312): CodeIgniter\CodeIgniter->run()
 6 SYSTEMPATH\Boot.php(67): CodeIgniter\Boot::runCodeIgniter(Object(CodeIgniter\CodeIgniter))
 7 FCPATH\index.php(56): CodeIgniter\Boot::bootWeb(Object(Config\Paths))
 8 SYSTEMPATH\Commands\Server\rewrite.php(49): require_once('C:\\xampp\\htdocs\\WotakusCI\\public\\index.php')
CRITICAL - 2024-05-08 08:47:18 --> CodeIgniter\HTTP\Exceptions\BadRequestException: The URI you submitted has disallowed characters: "detail{id}"
[Method: GET, Route: dashboard/detail%7Bid%7D]
in SYSTEMPATH\Router\Router.php on line 736.
 1 SYSTEMPATH\Router\Router.php(203): CodeIgniter\Router\Router->checkDisallowedChars('dashboard/detail{id}')
 2 SYSTEMPATH\CodeIgniter.php(834): CodeIgniter\Router\Router->handle('dashboard/detail{id}')
 3 SYSTEMPATH\CodeIgniter.php(457): CodeIgniter\CodeIgniter->tryToRouteIt(Object(CodeIgniter\Router\RouteCollection))
 4 SYSTEMPATH\CodeIgniter.php(355): CodeIgniter\CodeIgniter->handleRequest(null, Object(Config\Cache), false)
 5 SYSTEMPATH\Boot.php(312): CodeIgniter\CodeIgniter->run()
 6 SYSTEMPATH\Boot.php(67): CodeIgniter\Boot::runCodeIgniter(Object(CodeIgniter\CodeIgniter))
 7 FCPATH\index.php(56): CodeIgniter\Boot::bootWeb(Object(Config\Paths))
 8 SYSTEMPATH\Commands\Server\rewrite.php(49): require_once('C:\\xampp\\htdocs\\WotakusCI\\public\\index.php')
CRITICAL - 2024-05-08 08:48:32 --> ErrorException: Undefined variable $id
[Method: GET, Route: dashboard/detail%7Bid%7D]
in APPPATH\Config\Routes.php on line 14.
 1 APPPATH\Config\Routes.php(14): CodeIgniter\Debug\Exceptions->errorHandler(2, 'Undefined variable $id', 'C:\\xampp\\htdocs\\WotakusCI\\app\\Config\\Routes.php', 14)
 2 SYSTEMPATH\Router\RouteCollection.php(340): require('C:\\xampp\\htdocs\\WotakusCI\\app\\Config\\Routes.php')
 3 SYSTEMPATH\CodeIgniter.php(823): CodeIgniter\Router\RouteCollection->loadRoutes()
 4 SYSTEMPATH\CodeIgniter.php(457): CodeIgniter\CodeIgniter->tryToRouteIt(null)
 5 SYSTEMPATH\CodeIgniter.php(355): CodeIgniter\CodeIgniter->handleRequest(null, Object(Config\Cache), false)
 6 SYSTEMPATH\Boot.php(312): CodeIgniter\CodeIgniter->run()
 7 SYSTEMPATH\Boot.php(67): CodeIgniter\Boot::runCodeIgniter(Object(CodeIgniter\CodeIgniter))
 8 FCPATH\index.php(56): CodeIgniter\Boot::bootWeb(Object(Config\Paths))
 9 SYSTEMPATH\Commands\Server\rewrite.php(49): require_once('C:\\xampp\\htdocs\\WotakusCI\\public\\index.php')
CRITICAL - 2024-05-08 08:48:33 --> ErrorException: Undefined variable $id
[Method: GET, Route: dashboard/detail%7Bid%7D]
in APPPATH\Config\Routes.php on line 14.
 1 APPPATH\Config\Routes.php(14): CodeIgniter\Debug\Exceptions->errorHandler(2, 'Undefined variable $id', 'C:\\xampp\\htdocs\\WotakusCI\\app\\Config\\Routes.php', 14)
 2 SYSTEMPATH\Router\RouteCollection.php(340): require('C:\\xampp\\htdocs\\WotakusCI\\app\\Config\\Routes.php')
 3 SYSTEMPATH\CodeIgniter.php(823): CodeIgniter\Router\RouteCollection->loadRoutes()
 4 SYSTEMPATH\CodeIgniter.php(457): CodeIgniter\CodeIgniter->tryToRouteIt(null)
 5 SYSTEMPATH\CodeIgniter.php(355): CodeIgniter\CodeIgniter->handleRequest(null, Object(Config\Cache), false)
 6 SYSTEMPATH\Boot.php(312): CodeIgniter\CodeIgniter->run()
 7 SYSTEMPATH\Boot.php(67): CodeIgniter\Boot::runCodeIgniter(Object(CodeIgniter\CodeIgniter))
 8 FCPATH\index.php(56): CodeIgniter\Boot::bootWeb(Object(Config\Paths))
 9 SYSTEMPATH\Commands\Server\rewrite.php(49): require_once('C:\\xampp\\htdocs\\WotakusCI\\public\\index.php')
CRITICAL - 2024-05-08 08:50:00 --> CodeIgniter\HTTP\Exceptions\BadRequestException: The URI you submitted has disallowed characters: "detail{id}"
[Method: GET, Route: dashboard/detail%7Bid%7D]
in SYSTEMPATH\Router\Router.php on line 736.
 1 SYSTEMPATH\Router\Router.php(203): CodeIgniter\Router\Router->checkDisallowedChars('dashboard/detail{id}')
 2 SYSTEMPATH\CodeIgniter.php(834): CodeIgniter\Router\Router->handle('dashboard/detail{id}')
 3 SYSTEMPATH\CodeIgniter.php(457): CodeIgniter\CodeIgniter->tryToRouteIt(Object(CodeIgniter\Router\RouteCollection))
 4 SYSTEMPATH\CodeIgniter.php(355): CodeIgniter\CodeIgniter->handleRequest(null, Object(Config\Cache), false)
 5 SYSTEMPATH\Boot.php(312): CodeIgniter\CodeIgniter->run()
 6 SYSTEMPATH\Boot.php(67): CodeIgniter\Boot::runCodeIgniter(Object(CodeIgniter\CodeIgniter))
 7 FCPATH\index.php(56): CodeIgniter\Boot::bootWeb(Object(Config\Paths))
 8 SYSTEMPATH\Commands\Server\rewrite.php(49): require_once('C:\\xampp\\htdocs\\WotakusCI\\public\\index.php')
CRITICAL - 2024-05-08 08:50:16 --> CodeIgniter\HTTP\Exceptions\BadRequestException: The URI you submitted has disallowed characters: "detail{id}"
[Method: GET, Route: dashboard/detail%7Bid%7D]
in SYSTEMPATH\Router\Router.php on line 736.
 1 SYSTEMPATH\Router\Router.php(203): CodeIgniter\Router\Router->checkDisallowedChars('dashboard/detail{id}')
 2 SYSTEMPATH\CodeIgniter.php(834): CodeIgniter\Router\Router->handle('dashboard/detail{id}')
 3 SYSTEMPATH\CodeIgniter.php(457): CodeIgniter\CodeIgniter->tryToRouteIt(Object(CodeIgniter\Router\RouteCollection))
 4 SYSTEMPATH\CodeIgniter.php(355): CodeIgniter\CodeIgniter->handleRequest(null, Object(Config\Cache), false)
 5 SYSTEMPATH\Boot.php(312): CodeIgniter\CodeIgniter->run()
 6 SYSTEMPATH\Boot.php(67): CodeIgniter\Boot::runCodeIgniter(Object(CodeIgniter\CodeIgniter))
 7 FCPATH\index.php(56): CodeIgniter\Boot::bootWeb(Object(Config\Paths))
 8 SYSTEMPATH\Commands\Server\rewrite.php(49): require_once('C:\\xampp\\htdocs\\WotakusCI\\public\\index.php')
CRITICAL - 2024-05-08 08:50:16 --> CodeIgniter\HTTP\Exceptions\BadRequestException: The URI you submitted has disallowed characters: "detail{id}"
[Method: GET, Route: dashboard/detail%7Bid%7D]
in SYSTEMPATH\Router\Router.php on line 736.
 1 SYSTEMPATH\Router\Router.php(203): CodeIgniter\Router\Router->checkDisallowedChars('dashboard/detail{id}')
 2 SYSTEMPATH\CodeIgniter.php(834): CodeIgniter\Router\Router->handle('dashboard/detail{id}')
 3 SYSTEMPATH\CodeIgniter.php(457): CodeIgniter\CodeIgniter->tryToRouteIt(Object(CodeIgniter\Router\RouteCollection))
 4 SYSTEMPATH\CodeIgniter.php(355): CodeIgniter\CodeIgniter->handleRequest(null, Object(Config\Cache), false)
 5 SYSTEMPATH\Boot.php(312): CodeIgniter\CodeIgniter->run()
 6 SYSTEMPATH\Boot.php(67): CodeIgniter\Boot::runCodeIgniter(Object(CodeIgniter\CodeIgniter))
 7 FCPATH\index.php(56): CodeIgniter\Boot::bootWeb(Object(Config\Paths))
 8 SYSTEMPATH\Commands\Server\rewrite.php(49): require_once('C:\\xampp\\htdocs\\WotakusCI\\public\\index.php')
CRITICAL - 2024-05-08 08:50:33 --> CodeIgniter\HTTP\Exceptions\BadRequestException: The URI you submitted has disallowed characters: "detail{id}"
[Method: GET, Route: dashboard/detail%7Bid%7D]
in SYSTEMPATH\Router\Router.php on line 736.
 1 SYSTEMPATH\Router\Router.php(203): CodeIgniter\Router\Router->checkDisallowedChars('dashboard/detail{id}')
 2 SYSTEMPATH\CodeIgniter.php(834): CodeIgniter\Router\Router->handle('dashboard/detail{id}')
 3 SYSTEMPATH\CodeIgniter.php(457): CodeIgniter\CodeIgniter->tryToRouteIt(Object(CodeIgniter\Router\RouteCollection))
 4 SYSTEMPATH\CodeIgniter.php(355): CodeIgniter\CodeIgniter->handleRequest(null, Object(Config\Cache), false)
 5 SYSTEMPATH\Boot.php(312): CodeIgniter\CodeIgniter->run()
 6 SYSTEMPATH\Boot.php(67): CodeIgniter\Boot::runCodeIgniter(Object(CodeIgniter\CodeIgniter))
 7 FCPATH\index.php(56): CodeIgniter\Boot::bootWeb(Object(Config\Paths))
 8 SYSTEMPATH\Commands\Server\rewrite.php(49): require_once('C:\\xampp\\htdocs\\WotakusCI\\public\\index.php')
CRITICAL - 2024-05-08 08:50:37 --> CodeIgniter\HTTP\Exceptions\BadRequestException: The URI you submitted has disallowed characters: "detail{id}"
[Method: GET, Route: dashboard/detail%7Bid%7D]
in SYSTEMPATH\Router\Router.php on line 736.
 1 SYSTEMPATH\Router\Router.php(203): CodeIgniter\Router\Router->checkDisallowedChars('dashboard/detail{id}')
 2 SYSTEMPATH\CodeIgniter.php(834): CodeIgniter\Router\Router->handle('dashboard/detail{id}')
 3 SYSTEMPATH\CodeIgniter.php(457): CodeIgniter\CodeIgniter->tryToRouteIt(Object(CodeIgniter\Router\RouteCollection))
 4 SYSTEMPATH\CodeIgniter.php(355): CodeIgniter\CodeIgniter->handleRequest(null, Object(Config\Cache), false)
 5 SYSTEMPATH\Boot.php(312): CodeIgniter\CodeIgniter->run()
 6 SYSTEMPATH\Boot.php(67): CodeIgniter\Boot::runCodeIgniter(Object(CodeIgniter\CodeIgniter))
 7 FCPATH\index.php(56): CodeIgniter\Boot::bootWeb(Object(Config\Paths))
 8 SYSTEMPATH\Commands\Server\rewrite.php(49): require_once('C:\\xampp\\htdocs\\WotakusCI\\public\\index.php')
CRITICAL - 2024-05-08 08:59:53 --> CodeIgniter\HTTP\Exceptions\BadRequestException: The URI you submitted has disallowed characters: "detail{id}"
[Method: GET, Route: dashboard/detail%7Bid%7D]
in SYSTEMPATH\Router\Router.php on line 736.
 1 SYSTEMPATH\Router\Router.php(203): CodeIgniter\Router\Router->checkDisallowedChars('dashboard/detail{id}')
 2 SYSTEMPATH\CodeIgniter.php(834): CodeIgniter\Router\Router->handle('dashboard/detail{id}')
 3 SYSTEMPATH\CodeIgniter.php(457): CodeIgniter\CodeIgniter->tryToRouteIt(Object(CodeIgniter\Router\RouteCollection))
 4 SYSTEMPATH\CodeIgniter.php(355): CodeIgniter\CodeIgniter->handleRequest(null, Object(Config\Cache), false)
 5 SYSTEMPATH\Boot.php(312): CodeIgniter\CodeIgniter->run()
 6 SYSTEMPATH\Boot.php(67): CodeIgniter\Boot::runCodeIgniter(Object(CodeIgniter\CodeIgniter))
 7 FCPATH\index.php(56): CodeIgniter\Boot::bootWeb(Object(Config\Paths))
 8 SYSTEMPATH\Commands\Server\rewrite.php(49): require_once('C:\\xampp\\htdocs\\WotakusCI\\public\\index.php')
CRITICAL - 2024-05-08 08:59:55 --> CodeIgniter\HTTP\Exceptions\BadRequestException: The URI you submitted has disallowed characters: "detail{id}"
[Method: GET, Route: dashboard/detail%7Bid%7D]
in SYSTEMPATH\Router\Router.php on line 736.
 1 SYSTEMPATH\Router\Router.php(203): CodeIgniter\Router\Router->checkDisallowedChars('dashboard/detail{id}')
 2 SYSTEMPATH\CodeIgniter.php(834): CodeIgniter\Router\Router->handle('dashboard/detail{id}')
 3 SYSTEMPATH\CodeIgniter.php(457): CodeIgniter\CodeIgniter->tryToRouteIt(Object(CodeIgniter\Router\RouteCollection))
 4 SYSTEMPATH\CodeIgniter.php(355): CodeIgniter\CodeIgniter->handleRequest(null, Object(Config\Cache), false)
 5 SYSTEMPATH\Boot.php(312): CodeIgniter\CodeIgniter->run()
 6 SYSTEMPATH\Boot.php(67): CodeIgniter\Boot::runCodeIgniter(Object(CodeIgniter\CodeIgniter))
 7 FCPATH\index.php(56): CodeIgniter\Boot::bootWeb(Object(Config\Paths))
 8 SYSTEMPATH\Commands\Server\rewrite.php(49): require_once('C:\\xampp\\htdocs\\WotakusCI\\public\\index.php')
CRITICAL - 2024-05-08 08:59:55 --> CodeIgniter\HTTP\Exceptions\BadRequestException: The URI you submitted has disallowed characters: "detail{id}"
[Method: GET, Route: dashboard/detail%7Bid%7D]
in SYSTEMPATH\Router\Router.php on line 736.
 1 SYSTEMPATH\Router\Router.php(203): CodeIgniter\Router\Router->checkDisallowedChars('dashboard/detail{id}')
 2 SYSTEMPATH\CodeIgniter.php(834): CodeIgniter\Router\Router->handle('dashboard/detail{id}')
 3 SYSTEMPATH\CodeIgniter.php(457): CodeIgniter\CodeIgniter->tryToRouteIt(Object(CodeIgniter\Router\RouteCollection))
 4 SYSTEMPATH\CodeIgniter.php(355): CodeIgniter\CodeIgniter->handleRequest(null, Object(Config\Cache), false)
 5 SYSTEMPATH\Boot.php(312): CodeIgniter\CodeIgniter->run()
 6 SYSTEMPATH\Boot.php(67): CodeIgniter\Boot::runCodeIgniter(Object(CodeIgniter\CodeIgniter))
 7 FCPATH\index.php(56): CodeIgniter\Boot::bootWeb(Object(Config\Paths))
 8 SYSTEMPATH\Commands\Server\rewrite.php(49): require_once('C:\\xampp\\htdocs\\WotakusCI\\public\\index.php')
CRITICAL - 2024-05-08 08:59:55 --> CodeIgniter\HTTP\Exceptions\BadRequestException: The URI you submitted has disallowed characters: "detail{id}"
[Method: GET, Route: dashboard/detail%7Bid%7D]
in SYSTEMPATH\Router\Router.php on line 736.
 1 SYSTEMPATH\Router\Router.php(203): CodeIgniter\Router\Router->checkDisallowedChars('dashboard/detail{id}')
 2 SYSTEMPATH\CodeIgniter.php(834): CodeIgniter\Router\Router->handle('dashboard/detail{id}')
 3 SYSTEMPATH\CodeIgniter.php(457): CodeIgniter\CodeIgniter->tryToRouteIt(Object(CodeIgniter\Router\RouteCollection))
 4 SYSTEMPATH\CodeIgniter.php(355): CodeIgniter\CodeIgniter->handleRequest(null, Object(Config\Cache), false)
 5 SYSTEMPATH\Boot.php(312): CodeIgniter\CodeIgniter->run()
 6 SYSTEMPATH\Boot.php(67): CodeIgniter\Boot::runCodeIgniter(Object(CodeIgniter\CodeIgniter))
 7 FCPATH\index.php(56): CodeIgniter\Boot::bootWeb(Object(Config\Paths))
 8 SYSTEMPATH\Commands\Server\rewrite.php(49): require_once('C:\\xampp\\htdocs\\WotakusCI\\public\\index.php')
CRITICAL - 2024-05-08 08:59:59 --> ErrorException: Undefined variable $jujutsukaisen
[Method: GET, Route: dashboard/detail]
in APPPATH\Controllers\adminController.php on line 39.
 1 APPPATH\Controllers\adminController.php(39): CodeIgniter\Debug\Exceptions->errorHandler(2, 'Undefined variable $jujutsukaisen', 'C:\\xampp\\htdocs\\WotakusCI\\app\\Controllers\\adminController.php', 39)
 2 SYSTEMPATH\CodeIgniter.php(933): App\Controllers\adminController->Lihat('')
 3 SYSTEMPATH\CodeIgniter.php(509): CodeIgniter\CodeIgniter->runController(Object(App\Controllers\adminController))
 4 SYSTEMPATH\CodeIgniter.php(355): CodeIgniter\CodeIgniter->handleRequest(null, Object(Config\Cache), false)
 5 SYSTEMPATH\Boot.php(312): CodeIgniter\CodeIgniter->run()
 6 SYSTEMPATH\Boot.php(67): CodeIgniter\Boot::runCodeIgniter(Object(CodeIgniter\CodeIgniter))
 7 FCPATH\index.php(56): CodeIgniter\Boot::bootWeb(Object(Config\Paths))
 8 SYSTEMPATH\Commands\Server\rewrite.php(49): require_once('C:\\xampp\\htdocs\\WotakusCI\\public\\index.php')
CRITICAL - 2024-05-08 09:01:48 --> ErrorException: Undefined variable $jujutsukaisen
[Method: GET, Route: dashboard/detail]
in APPPATH\Controllers\adminController.php on line 39.
 1 APPPATH\Controllers\adminController.php(39): CodeIgniter\Debug\Exceptions->errorHandler(2, 'Undefined variable $jujutsukaisen', 'C:\\xampp\\htdocs\\WotakusCI\\app\\Controllers\\adminController.php', 39)
 2 SYSTEMPATH\CodeIgniter.php(933): App\Controllers\adminController->Lihat('')
 3 SYSTEMPATH\CodeIgniter.php(509): CodeIgniter\CodeIgniter->runController(Object(App\Controllers\adminController))
 4 SYSTEMPATH\CodeIgniter.php(355): CodeIgniter\CodeIgniter->handleRequest(null, Object(Config\Cache), false)
 5 SYSTEMPATH\Boot.php(312): CodeIgniter\CodeIgniter->run()
 6 SYSTEMPATH\Boot.php(67): CodeIgniter\Boot::runCodeIgniter(Object(CodeIgniter\CodeIgniter))
 7 FCPATH\index.php(56): CodeIgniter\Boot::bootWeb(Object(Config\Paths))
 8 SYSTEMPATH\Commands\Server\rewrite.php(49): require_once('C:\\xampp\\htdocs\\WotakusCI\\public\\index.php')
CRITICAL - 2024-05-08 09:01:49 --> ErrorException: Undefined variable $jujutsukaisen
[Method: GET, Route: dashboard/detail]
in APPPATH\Controllers\adminController.php on line 39.
 1 APPPATH\Controllers\adminController.php(39): CodeIgniter\Debug\Exceptions->errorHandler(2, 'Undefined variable $jujutsukaisen', 'C:\\xampp\\htdocs\\WotakusCI\\app\\Controllers\\adminController.php', 39)
 2 SYSTEMPATH\CodeIgniter.php(933): App\Controllers\adminController->Lihat('')
 3 SYSTEMPATH\CodeIgniter.php(509): CodeIgniter\CodeIgniter->runController(Object(App\Controllers\adminController))
 4 SYSTEMPATH\CodeIgniter.php(355): CodeIgniter\CodeIgniter->handleRequest(null, Object(Config\Cache), false)
 5 SYSTEMPATH\Boot.php(312): CodeIgniter\CodeIgniter->run()
 6 SYSTEMPATH\Boot.php(67): CodeIgniter\Boot::runCodeIgniter(Object(CodeIgniter\CodeIgniter))
 7 FCPATH\index.php(56): CodeIgniter\Boot::bootWeb(Object(Config\Paths))
 8 SYSTEMPATH\Commands\Server\rewrite.php(49): require_once('C:\\xampp\\htdocs\\WotakusCI\\public\\index.php')
CRITICAL - 2024-05-08 09:01:53 --> ErrorException: Undefined variable $jujutsukaisen
[Method: GET, Route: dashboard/detail]
in APPPATH\Controllers\adminController.php on line 39.
 1 APPPATH\Controllers\adminController.php(39): CodeIgniter\Debug\Exceptions->errorHandler(2, 'Undefined variable $jujutsukaisen', 'C:\\xampp\\htdocs\\WotakusCI\\app\\Controllers\\adminController.php', 39)
 2 SYSTEMPATH\CodeIgniter.php(933): App\Controllers\adminController->Lihat('')
 3 SYSTEMPATH\CodeIgniter.php(509): CodeIgniter\CodeIgniter->runController(Object(App\Controllers\adminController))
 4 SYSTEMPATH\CodeIgniter.php(355): CodeIgniter\CodeIgniter->handleRequest(null, Object(Config\Cache), false)
 5 SYSTEMPATH\Boot.php(312): CodeIgniter\CodeIgniter->run()
 6 SYSTEMPATH\Boot.php(67): CodeIgniter\Boot::runCodeIgniter(Object(CodeIgniter\CodeIgniter))
 7 FCPATH\index.php(56): CodeIgniter\Boot::bootWeb(Object(Config\Paths))
 8 SYSTEMPATH\Commands\Server\rewrite.php(49): require_once('C:\\xampp\\htdocs\\WotakusCI\\public\\index.php')
CRITICAL - 2024-05-08 09:02:05 --> ErrorException: Undefined variable $id
[Method: GET, Route: dashboard/detail]
in APPPATH\Controllers\adminController.php on line 39.
 1 APPPATH\Controllers\adminController.php(39): CodeIgniter\Debug\Exceptions->errorHandler(2, 'Undefined variable $id', 'C:\\xampp\\htdocs\\WotakusCI\\app\\Controllers\\adminController.php', 39)
 2 SYSTEMPATH\CodeIgniter.php(933): App\Controllers\adminController->Lihat('')
 3 SYSTEMPATH\CodeIgniter.php(509): CodeIgniter\CodeIgniter->runController(Object(App\Controllers\adminController))
 4 SYSTEMPATH\CodeIgniter.php(355): CodeIgniter\CodeIgniter->handleRequest(null, Object(Config\Cache), false)
 5 SYSTEMPATH\Boot.php(312): CodeIgniter\CodeIgniter->run()
 6 SYSTEMPATH\Boot.php(67): CodeIgniter\Boot::runCodeIgniter(Object(CodeIgniter\CodeIgniter))
 7 FCPATH\index.php(56): CodeIgniter\Boot::bootWeb(Object(Config\Paths))
 8 SYSTEMPATH\Commands\Server\rewrite.php(49): require_once('C:\\xampp\\htdocs\\WotakusCI\\public\\index.php')
CRITICAL - 2024-05-08 09:05:36 --> ErrorException: Undefined variable $id
[Method: GET, Route: dashboard/detail]
in APPPATH\Controllers\adminController.php on line 39.
 1 APPPATH\Controllers\adminController.php(39): CodeIgniter\Debug\Exceptions->errorHandler(2, 'Undefined variable $id', 'C:\\xampp\\htdocs\\WotakusCI\\app\\Controllers\\adminController.php', 39)
 2 SYSTEMPATH\CodeIgniter.php(933): App\Controllers\adminController->Lihat('')
 3 SYSTEMPATH\CodeIgniter.php(509): CodeIgniter\CodeIgniter->runController(Object(App\Controllers\adminController))
 4 SYSTEMPATH\CodeIgniter.php(355): CodeIgniter\CodeIgniter->handleRequest(null, Object(Config\Cache), false)
 5 SYSTEMPATH\Boot.php(312): CodeIgniter\CodeIgniter->run()
 6 SYSTEMPATH\Boot.php(67): CodeIgniter\Boot::runCodeIgniter(Object(CodeIgniter\CodeIgniter))
 7 FCPATH\index.php(56): CodeIgniter\Boot::bootWeb(Object(Config\Paths))
 8 SYSTEMPATH\Commands\Server\rewrite.php(49): require_once('C:\\xampp\\htdocs\\WotakusCI\\public\\index.php')
CRITICAL - 2024-05-08 09:05:38 --> ErrorException: Undefined variable $id
[Method: GET, Route: dashboard/detail]
in APPPATH\Controllers\adminController.php on line 39.
 1 APPPATH\Controllers\adminController.php(39): CodeIgniter\Debug\Exceptions->errorHandler(2, 'Undefined variable $id', 'C:\\xampp\\htdocs\\WotakusCI\\app\\Controllers\\adminController.php', 39)
 2 SYSTEMPATH\CodeIgniter.php(933): App\Controllers\adminController->Lihat('')
 3 SYSTEMPATH\CodeIgniter.php(509): CodeIgniter\CodeIgniter->runController(Object(App\Controllers\adminController))
 4 SYSTEMPATH\CodeIgniter.php(355): CodeIgniter\CodeIgniter->handleRequest(null, Object(Config\Cache), false)
 5 SYSTEMPATH\Boot.php(312): CodeIgniter\CodeIgniter->run()
 6 SYSTEMPATH\Boot.php(67): CodeIgniter\Boot::runCodeIgniter(Object(CodeIgniter\CodeIgniter))
 7 FCPATH\index.php(56): CodeIgniter\Boot::bootWeb(Object(Config\Paths))
 8 SYSTEMPATH\Commands\Server\rewrite.php(49): require_once('C:\\xampp\\htdocs\\WotakusCI\\public\\index.php')
CRITICAL - 2024-05-08 09:05:45 --> ErrorException: Undefined variable $id
[Method: GET, Route: dashboard/detail]
in APPPATH\Controllers\adminController.php on line 39.
 1 APPPATH\Controllers\adminController.php(39): CodeIgniter\Debug\Exceptions->errorHandler(2, 'Undefined variable $id', 'C:\\xampp\\htdocs\\WotakusCI\\app\\Controllers\\adminController.php', 39)
 2 SYSTEMPATH\CodeIgniter.php(933): App\Controllers\adminController->Lihat('')
 3 SYSTEMPATH\CodeIgniter.php(509): CodeIgniter\CodeIgniter->runController(Object(App\Controllers\adminController))
 4 SYSTEMPATH\CodeIgniter.php(355): CodeIgniter\CodeIgniter->handleRequest(null, Object(Config\Cache), false)
 5 SYSTEMPATH\Boot.php(312): CodeIgniter\CodeIgniter->run()
 6 SYSTEMPATH\Boot.php(67): CodeIgniter\Boot::runCodeIgniter(Object(CodeIgniter\CodeIgniter))
 7 FCPATH\index.php(56): CodeIgniter\Boot::bootWeb(Object(Config\Paths))
 8 SYSTEMPATH\Commands\Server\rewrite.php(49): require_once('C:\\xampp\\htdocs\\WotakusCI\\public\\index.php')
CRITICAL - 2024-05-08 09:10:57 --> ErrorException: Trying to access array offset on value of type null
[Method: GET, Route: dashboard/detail]
in APPPATH\Views\admin\admin-partials\detail.php on line 5.
 1 APPPATH\Views\admin\admin-partials\detail.php(5): CodeIgniter\Debug\Exceptions->errorHandler(2, 'Trying to access array offset on value of type null', 'C:\\xampp\\htdocs\\WotakusCI\\app\\Views\\admin\\admin-partials\\detail.php', 5)
 2 SYSTEMPATH\View\View.php(234): include('C:\\xampp\\htdocs\\WotakusCI\\app\\Views\\admin\\admin-partials\\detail.php')
 3 SYSTEMPATH\View\View.php(237): CodeIgniter\View\View->CodeIgniter\View\{closure}()
 4 SYSTEMPATH\Common.php(1171): CodeIgniter\View\View->render('admin/admin-partials/detail', [], true)
 5 APPPATH\Controllers\adminController.php(44): view('admin/admin-partials/detail', [...])
 6 SYSTEMPATH\CodeIgniter.php(933): App\Controllers\adminController->Lihat('')
 7 SYSTEMPATH\CodeIgniter.php(509): CodeIgniter\CodeIgniter->runController(Object(App\Controllers\adminController))
 8 SYSTEMPATH\CodeIgniter.php(355): CodeIgniter\CodeIgniter->handleRequest(null, Object(Config\Cache), false)
 9 SYSTEMPATH\Boot.php(312): CodeIgniter\CodeIgniter->run()
10 SYSTEMPATH\Boot.php(67): CodeIgniter\Boot::runCodeIgniter(Object(CodeIgniter\CodeIgniter))
11 FCPATH\index.php(56): CodeIgniter\Boot::bootWeb(Object(Config\Paths))
12 SYSTEMPATH\Commands\Server\rewrite.php(49): require_once('C:\\xampp\\htdocs\\WotakusCI\\public\\index.php')
CRITICAL - 2024-05-08 09:11:39 --> ErrorException: Trying to access array offset on value of type null
[Method: GET, Route: dashboard/detail]
in APPPATH\Views\admin\admin-partials\detail.php on line 5.
 1 APPPATH\Views\admin\admin-partials\detail.php(5): CodeIgniter\Debug\Exceptions->errorHandler(2, 'Trying to access array offset on value of type null', 'C:\\xampp\\htdocs\\WotakusCI\\app\\Views\\admin\\admin-partials\\detail.php', 5)
 2 SYSTEMPATH\View\View.php(234): include('C:\\xampp\\htdocs\\WotakusCI\\app\\Views\\admin\\admin-partials\\detail.php')
 3 SYSTEMPATH\View\View.php(237): CodeIgniter\View\View->CodeIgniter\View\{closure}()
 4 SYSTEMPATH\Common.php(1171): CodeIgniter\View\View->render('admin/admin-partials/detail', [], true)
 5 APPPATH\Controllers\adminController.php(44): view('admin/admin-partials/detail', [...])
 6 SYSTEMPATH\CodeIgniter.php(933): App\Controllers\adminController->Lihat('')
 7 SYSTEMPATH\CodeIgniter.php(509): CodeIgniter\CodeIgniter->runController(Object(App\Controllers\adminController))
 8 SYSTEMPATH\CodeIgniter.php(355): CodeIgniter\CodeIgniter->handleRequest(null, Object(Config\Cache), false)
 9 SYSTEMPATH\Boot.php(312): CodeIgniter\CodeIgniter->run()
10 SYSTEMPATH\Boot.php(67): CodeIgniter\Boot::runCodeIgniter(Object(CodeIgniter\CodeIgniter))
11 FCPATH\index.php(56): CodeIgniter\Boot::bootWeb(Object(Config\Paths))
12 SYSTEMPATH\Commands\Server\rewrite.php(49): require_once('C:\\xampp\\htdocs\\WotakusCI\\public\\index.php')
CRITICAL - 2024-05-08 09:11:40 --> ErrorException: Trying to access array offset on value of type null
[Method: GET, Route: dashboard/detail]
in APPPATH\Views\admin\admin-partials\detail.php on line 5.
 1 APPPATH\Views\admin\admin-partials\detail.php(5): CodeIgniter\Debug\Exceptions->errorHandler(2, 'Trying to access array offset on value of type null', 'C:\\xampp\\htdocs\\WotakusCI\\app\\Views\\admin\\admin-partials\\detail.php', 5)
 2 SYSTEMPATH\View\View.php(234): include('C:\\xampp\\htdocs\\WotakusCI\\app\\Views\\admin\\admin-partials\\detail.php')
 3 SYSTEMPATH\View\View.php(237): CodeIgniter\View\View->CodeIgniter\View\{closure}()
 4 SYSTEMPATH\Common.php(1171): CodeIgniter\View\View->render('admin/admin-partials/detail', [], true)
 5 APPPATH\Controllers\adminController.php(44): view('admin/admin-partials/detail', [...])
 6 SYSTEMPATH\CodeIgniter.php(933): App\Controllers\adminController->Lihat('')
 7 SYSTEMPATH\CodeIgniter.php(509): CodeIgniter\CodeIgniter->runController(Object(App\Controllers\adminController))
 8 SYSTEMPATH\CodeIgniter.php(355): CodeIgniter\CodeIgniter->handleRequest(null, Object(Config\Cache), false)
 9 SYSTEMPATH\Boot.php(312): CodeIgniter\CodeIgniter->run()
10 SYSTEMPATH\Boot.php(67): CodeIgniter\Boot::runCodeIgniter(Object(CodeIgniter\CodeIgniter))
11 FCPATH\index.php(56): CodeIgniter\Boot::bootWeb(Object(Config\Paths))
12 SYSTEMPATH\Commands\Server\rewrite.php(49): require_once('C:\\xampp\\htdocs\\WotakusCI\\public\\index.php')
CRITICAL - 2024-05-08 09:12:43 --> ErrorException: Trying to access array offset on value of type null
[Method: GET, Route: dashboard/detail]
in APPPATH\Views\admin\admin-partials\detail.php on line 5.
 1 APPPATH\Views\admin\admin-partials\detail.php(5): CodeIgniter\Debug\Exceptions->errorHandler(2, 'Trying to access array offset on value of type null', 'C:\\xampp\\htdocs\\WotakusCI\\app\\Views\\admin\\admin-partials\\detail.php', 5)
 2 SYSTEMPATH\View\View.php(234): include('C:\\xampp\\htdocs\\WotakusCI\\app\\Views\\admin\\admin-partials\\detail.php')
 3 SYSTEMPATH\View\View.php(237): CodeIgniter\View\View->CodeIgniter\View\{closure}()
 4 SYSTEMPATH\Common.php(1171): CodeIgniter\View\View->render('admin/admin-partials/detail', [], true)
 5 APPPATH\Controllers\adminController.php(44): view('admin/admin-partials/detail', [...])
 6 SYSTEMPATH\CodeIgniter.php(933): App\Controllers\adminController->Lihat('')
 7 SYSTEMPATH\CodeIgniter.php(509): CodeIgniter\CodeIgniter->runController(Object(App\Controllers\adminController))
 8 SYSTEMPATH\CodeIgniter.php(355): CodeIgniter\CodeIgniter->handleRequest(null, Object(Config\Cache), false)
 9 SYSTEMPATH\Boot.php(312): CodeIgniter\CodeIgniter->run()
10 SYSTEMPATH\Boot.php(67): CodeIgniter\Boot::runCodeIgniter(Object(CodeIgniter\CodeIgniter))
11 FCPATH\index.php(56): CodeIgniter\Boot::bootWeb(Object(Config\Paths))
12 SYSTEMPATH\Commands\Server\rewrite.php(49): require_once('C:\\xampp\\htdocs\\WotakusCI\\public\\index.php')
CRITICAL - 2024-05-08 09:28:29 --> ErrorException: Trying to access array offset on value of type null
[Method: GET, Route: dashboard/detail1]
in APPPATH\Views\admin\admin-partials\detail.php on line 5.
 1 APPPATH\Views\admin\admin-partials\detail.php(5): CodeIgniter\Debug\Exceptions->errorHandler(2, 'Trying to access array offset on value of type null', 'C:\\xampp\\htdocs\\WotakusCI\\app\\Views\\admin\\admin-partials\\detail.php', 5)
 2 SYSTEMPATH\View\View.php(234): include('C:\\xampp\\htdocs\\WotakusCI\\app\\Views\\admin\\admin-partials\\detail.php')
 3 SYSTEMPATH\View\View.php(237): CodeIgniter\View\View->CodeIgniter\View\{closure}()
 4 SYSTEMPATH\Common.php(1171): CodeIgniter\View\View->render('admin/admin-partials/detail', [], true)
 5 APPPATH\Controllers\adminController.php(44): view('admin/admin-partials/detail', [...])
 6 SYSTEMPATH\CodeIgniter.php(933): App\Controllers\adminController->Lihat('1')
 7 SYSTEMPATH\CodeIgniter.php(509): CodeIgniter\CodeIgniter->runController(Object(App\Controllers\adminController))
 8 SYSTEMPATH\CodeIgniter.php(355): CodeIgniter\CodeIgniter->handleRequest(null, Object(Config\Cache), false)
 9 SYSTEMPATH\Boot.php(312): CodeIgniter\CodeIgniter->run()
10 SYSTEMPATH\Boot.php(67): CodeIgniter\Boot::runCodeIgniter(Object(CodeIgniter\CodeIgniter))
11 FCPATH\index.php(56): CodeIgniter\Boot::bootWeb(Object(Config\Paths))
12 SYSTEMPATH\Commands\Server\rewrite.php(49): require_once('C:\\xampp\\htdocs\\WotakusCI\\public\\index.php')
CRITICAL - 2024-05-08 09:29:15 --> ErrorException: Trying to access array offset on value of type null
[Method: GET, Route: dashboard/detail/1]
in APPPATH\Views\admin\admin-partials\detail.php on line 5.
 1 APPPATH\Views\admin\admin-partials\detail.php(5): CodeIgniter\Debug\Exceptions->errorHandler(2, 'Trying to access array offset on value of type null', 'C:\\xampp\\htdocs\\WotakusCI\\app\\Views\\admin\\admin-partials\\detail.php', 5)
 2 SYSTEMPATH\View\View.php(234): include('C:\\xampp\\htdocs\\WotakusCI\\app\\Views\\admin\\admin-partials\\detail.php')
 3 SYSTEMPATH\View\View.php(237): CodeIgniter\View\View->CodeIgniter\View\{closure}()
 4 SYSTEMPATH\Common.php(1171): CodeIgniter\View\View->render('admin/admin-partials/detail', [], true)
 5 APPPATH\Controllers\adminController.php(44): view('admin/admin-partials/detail', [...])
 6 SYSTEMPATH\CodeIgniter.php(933): App\Controllers\adminController->Lihat('1')
 7 SYSTEMPATH\CodeIgniter.php(509): CodeIgniter\CodeIgniter->runController(Object(App\Controllers\adminController))
 8 SYSTEMPATH\CodeIgniter.php(355): CodeIgniter\CodeIgniter->handleRequest(null, Object(Config\Cache), false)
 9 SYSTEMPATH\Boot.php(312): CodeIgniter\CodeIgniter->run()
10 SYSTEMPATH\Boot.php(67): CodeIgniter\Boot::runCodeIgniter(Object(CodeIgniter\CodeIgniter))
11 FCPATH\index.php(56): CodeIgniter\Boot::bootWeb(Object(Config\Paths))
12 SYSTEMPATH\Commands\Server\rewrite.php(49): require_once('C:\\xampp\\htdocs\\WotakusCI\\public\\index.php')
CRITICAL - 2024-05-08 09:30:31 --> TypeError: Cannot access offset of type string on string
[Method: GET, Route: dashboard/detail/1]
in APPPATH\Views\admin\admin-partials\detail.php on line 5.
 1 SYSTEMPATH\View\View.php(234): include()
 2 SYSTEMPATH\View\View.php(237): CodeIgniter\View\View->CodeIgniter\View\{closure}()
 3 SYSTEMPATH\Common.php(1171): CodeIgniter\View\View->render('admin/admin-partials/detail', [], true)
 4 APPPATH\Controllers\adminController.php(44): view('admin/admin-partials/detail', [...])
 5 SYSTEMPATH\CodeIgniter.php(933): App\Controllers\adminController->Lihat('1')
 6 SYSTEMPATH\CodeIgniter.php(509): CodeIgniter\CodeIgniter->runController(Object(App\Controllers\adminController))
 7 SYSTEMPATH\CodeIgniter.php(355): CodeIgniter\CodeIgniter->handleRequest(null, Object(Config\Cache), false)
 8 SYSTEMPATH\Boot.php(312): CodeIgniter\CodeIgniter->run()
 9 SYSTEMPATH\Boot.php(67): CodeIgniter\Boot::runCodeIgniter(Object(CodeIgniter\CodeIgniter))
10 FCPATH\index.php(56): CodeIgniter\Boot::bootWeb(Object(Config\Paths))
11 SYSTEMPATH\Commands\Server\rewrite.php(49): require_once('C:\\xampp\\htdocs\\WotakusCI\\public\\index.php')
CRITICAL - 2024-05-08 09:30:33 --> TypeError: Cannot access offset of type string on string
[Method: GET, Route: dashboard/detail/1]
in APPPATH\Views\admin\admin-partials\detail.php on line 5.
 1 SYSTEMPATH\View\View.php(234): include()
 2 SYSTEMPATH\View\View.php(237): CodeIgniter\View\View->CodeIgniter\View\{closure}()
 3 SYSTEMPATH\Common.php(1171): CodeIgniter\View\View->render('admin/admin-partials/detail', [], true)
 4 APPPATH\Controllers\adminController.php(44): view('admin/admin-partials/detail', [...])
 5 SYSTEMPATH\CodeIgniter.php(933): App\Controllers\adminController->Lihat('1')
 6 SYSTEMPATH\CodeIgniter.php(509): CodeIgniter\CodeIgniter->runController(Object(App\Controllers\adminController))
 7 SYSTEMPATH\CodeIgniter.php(355): CodeIgniter\CodeIgniter->handleRequest(null, Object(Config\Cache), false)
 8 SYSTEMPATH\Boot.php(312): CodeIgniter\CodeIgniter->run()
 9 SYSTEMPATH\Boot.php(67): CodeIgniter\Boot::runCodeIgniter(Object(CodeIgniter\CodeIgniter))
10 FCPATH\index.php(56): CodeIgniter\Boot::bootWeb(Object(Config\Paths))
11 SYSTEMPATH\Commands\Server\rewrite.php(49): require_once('C:\\xampp\\htdocs\\WotakusCI\\public\\index.php')
CRITICAL - 2024-05-08 09:56:44 --> ErrorException: Undefined variable $animes
[Method: GET, Route: dashboard]
in APPPATH\Views\admin\admin-partials\admin.php on line 14.
 1 APPPATH\Views\admin\admin-partials\admin.php(14): CodeIgniter\Debug\Exceptions->errorHandler(2, 'Undefined variable $animes', 'C:\\xampp\\htdocs\\WotakusCI\\app\\Views\\admin\\admin-partials\\admin.php', 14)
 2 SYSTEMPATH\View\View.php(234): include('C:\\xampp\\htdocs\\WotakusCI\\app\\Views\\admin\\admin-partials\\admin.php')
 3 SYSTEMPATH\View\View.php(237): CodeIgniter\View\View->CodeIgniter\View\{closure}()
 4 SYSTEMPATH\Common.php(1171): CodeIgniter\View\View->render('admin/admin-partials/admin', [], true)
 5 APPPATH\Controllers\adminController.php(27): view('admin/admin-partials/admin', [...])
 6 SYSTEMPATH\CodeIgniter.php(933): App\Controllers\adminController->dashboard()
 7 SYSTEMPATH\CodeIgniter.php(509): CodeIgniter\CodeIgniter->runController(Object(App\Controllers\adminController))
 8 SYSTEMPATH\CodeIgniter.php(355): CodeIgniter\CodeIgniter->handleRequest(null, Object(Config\Cache), false)
 9 SYSTEMPATH\Boot.php(312): CodeIgniter\CodeIgniter->run()
10 SYSTEMPATH\Boot.php(67): CodeIgniter\Boot::runCodeIgniter(Object(CodeIgniter\CodeIgniter))
11 FCPATH\index.php(56): CodeIgniter\Boot::bootWeb(Object(Config\Paths))
12 SYSTEMPATH\Commands\Server\rewrite.php(49): require_once('C:\\xampp\\htdocs\\WotakusCI\\public\\index.php')
CRITICAL - 2024-05-08 09:57:05 --> ErrorException: Undefined variable $data
[Method: GET, Route: dashboard]
in APPPATH\Views\admin\admin-partials\admin.php on line 14.
 1 APPPATH\Views\admin\admin-partials\admin.php(14): CodeIgniter\Debug\Exceptions->errorHandler(2, 'Undefined variable $data', 'C:\\xampp\\htdocs\\WotakusCI\\app\\Views\\admin\\admin-partials\\admin.php', 14)
 2 SYSTEMPATH\View\View.php(234): include('C:\\xampp\\htdocs\\WotakusCI\\app\\Views\\admin\\admin-partials\\admin.php')
 3 SYSTEMPATH\View\View.php(237): CodeIgniter\View\View->CodeIgniter\View\{closure}()
 4 SYSTEMPATH\Common.php(1171): CodeIgniter\View\View->render('admin/admin-partials/admin', [], true)
 5 APPPATH\Controllers\adminController.php(27): view('admin/admin-partials/admin', [...])
 6 SYSTEMPATH\CodeIgniter.php(933): App\Controllers\adminController->dashboard()
 7 SYSTEMPATH\CodeIgniter.php(509): CodeIgniter\CodeIgniter->runController(Object(App\Controllers\adminController))
 8 SYSTEMPATH\CodeIgniter.php(355): CodeIgniter\CodeIgniter->handleRequest(null, Object(Config\Cache), false)
 9 SYSTEMPATH\Boot.php(312): CodeIgniter\CodeIgniter->run()
10 SYSTEMPATH\Boot.php(67): CodeIgniter\Boot::runCodeIgniter(Object(CodeIgniter\CodeIgniter))
11 FCPATH\index.php(56): CodeIgniter\Boot::bootWeb(Object(Config\Paths))
12 SYSTEMPATH\Commands\Server\rewrite.php(49): require_once('C:\\xampp\\htdocs\\WotakusCI\\public\\index.php')
CRITICAL - 2024-05-08 09:57:11 --> ErrorException: Undefined variable $anime
[Method: GET, Route: dashboard]
in APPPATH\Views\admin\admin-partials\admin.php on line 14.
 1 APPPATH\Views\admin\admin-partials\admin.php(14): CodeIgniter\Debug\Exceptions->errorHandler(2, 'Undefined variable $anime', 'C:\\xampp\\htdocs\\WotakusCI\\app\\Views\\admin\\admin-partials\\admin.php', 14)
 2 SYSTEMPATH\View\View.php(234): include('C:\\xampp\\htdocs\\WotakusCI\\app\\Views\\admin\\admin-partials\\admin.php')
 3 SYSTEMPATH\View\View.php(237): CodeIgniter\View\View->CodeIgniter\View\{closure}()
 4 SYSTEMPATH\Common.php(1171): CodeIgniter\View\View->render('admin/admin-partials/admin', [], true)
 5 APPPATH\Controllers\adminController.php(27): view('admin/admin-partials/admin', [...])
 6 SYSTEMPATH\CodeIgniter.php(933): App\Controllers\adminController->dashboard()
 7 SYSTEMPATH\CodeIgniter.php(509): CodeIgniter\CodeIgniter->runController(Object(App\Controllers\adminController))
 8 SYSTEMPATH\CodeIgniter.php(355): CodeIgniter\CodeIgniter->handleRequest(null, Object(Config\Cache), false)
 9 SYSTEMPATH\Boot.php(312): CodeIgniter\CodeIgniter->run()
10 SYSTEMPATH\Boot.php(67): CodeIgniter\Boot::runCodeIgniter(Object(CodeIgniter\CodeIgniter))
11 FCPATH\index.php(56): CodeIgniter\Boot::bootWeb(Object(Config\Paths))
12 SYSTEMPATH\Commands\Server\rewrite.php(49): require_once('C:\\xampp\\htdocs\\WotakusCI\\public\\index.php')
CRITICAL - 2024-05-08 10:03:24 --> ErrorException: Undefined variable $animes
[Method: GET, Route: dashboard/detail/Jujutsu%20Kaisen]
in APPPATH\Controllers\adminController.php on line 52.
 1 APPPATH\Controllers\adminController.php(52): CodeIgniter\Debug\Exceptions->errorHandler(2, 'Undefined variable $animes', 'C:\\xampp\\htdocs\\WotakusCI\\app\\Controllers\\adminController.php', 52)
 2 SYSTEMPATH\CodeIgniter.php(933): App\Controllers\adminController->Lihat('Jujutsu Kaisen')
 3 SYSTEMPATH\CodeIgniter.php(509): CodeIgniter\CodeIgniter->runController(Object(App\Controllers\adminController))
 4 SYSTEMPATH\CodeIgniter.php(355): CodeIgniter\CodeIgniter->handleRequest(null, Object(Config\Cache), false)
 5 SYSTEMPATH\Boot.php(312): CodeIgniter\CodeIgniter->run()
 6 SYSTEMPATH\Boot.php(67): CodeIgniter\Boot::runCodeIgniter(Object(CodeIgniter\CodeIgniter))
 7 FCPATH\index.php(56): CodeIgniter\Boot::bootWeb(Object(Config\Paths))
 8 SYSTEMPATH\Commands\Server\rewrite.php(49): require_once('C:\\xampp\\htdocs\\WotakusCI\\public\\index.php')
CRITICAL - 2024-05-08 10:17:25 --> ErrorException: Undefined variable $animes
[Method: GET, Route: dashboard/detail/Jujutsu%20Kaisen]
in APPPATH\Views\admin\admin-partials\detail.php on line 4.
 1 APPPATH\Views\admin\admin-partials\detail.php(4): CodeIgniter\Debug\Exceptions->errorHandler(2, 'Undefined variable $animes', 'C:\\xampp\\htdocs\\WotakusCI\\app\\Views\\admin\\admin-partials\\detail.php', 4)
 2 SYSTEMPATH\View\View.php(234): include('C:\\xampp\\htdocs\\WotakusCI\\app\\Views\\admin\\admin-partials\\detail.php')
 3 SYSTEMPATH\View\View.php(237): CodeIgniter\View\View->CodeIgniter\View\{closure}()
 4 SYSTEMPATH\Common.php(1171): CodeIgniter\View\View->render('admin/admin-partials/detail', [], true)
 5 APPPATH\Controllers\adminController.php(60): view('admin/admin-partials/detail', [...])
 6 SYSTEMPATH\CodeIgniter.php(933): App\Controllers\adminController->Lihat('Jujutsu Kaisen')
 7 SYSTEMPATH\CodeIgniter.php(509): CodeIgniter\CodeIgniter->runController(Object(App\Controllers\adminController))
 8 SYSTEMPATH\CodeIgniter.php(355): CodeIgniter\CodeIgniter->handleRequest(null, Object(Config\Cache), false)
 9 SYSTEMPATH\Boot.php(312): CodeIgniter\CodeIgniter->run()
10 SYSTEMPATH\Boot.php(67): CodeIgniter\Boot::runCodeIgniter(Object(CodeIgniter\CodeIgniter))
11 FCPATH\index.php(56): CodeIgniter\Boot::bootWeb(Object(Config\Paths))
12 SYSTEMPATH\Commands\Server\rewrite.php(49): require_once('C:\\xampp\\htdocs\\WotakusCI\\public\\index.php')
CRITICAL - 2024-05-08 10:17:42 --> TypeError: Cannot access offset of type string on string
[Method: GET, Route: dashboard/detail/Jujutsu%20Kaisen]
in APPPATH\Views\admin\admin-partials\detail.php on line 5.
 1 SYSTEMPATH\View\View.php(234): include()
 2 SYSTEMPATH\View\View.php(237): CodeIgniter\View\View->CodeIgniter\View\{closure}()
 3 SYSTEMPATH\Common.php(1171): CodeIgniter\View\View->render('admin/admin-partials/detail', [], true)
 4 APPPATH\Controllers\adminController.php(60): view('admin/admin-partials/detail', [...])
 5 SYSTEMPATH\CodeIgniter.php(933): App\Controllers\adminController->Lihat('Jujutsu Kaisen')
 6 SYSTEMPATH\CodeIgniter.php(509): CodeIgniter\CodeIgniter->runController(Object(App\Controllers\adminController))
 7 SYSTEMPATH\CodeIgniter.php(355): CodeIgniter\CodeIgniter->handleRequest(null, Object(Config\Cache), false)
 8 SYSTEMPATH\Boot.php(312): CodeIgniter\CodeIgniter->run()
 9 SYSTEMPATH\Boot.php(67): CodeIgniter\Boot::runCodeIgniter(Object(CodeIgniter\CodeIgniter))
10 FCPATH\index.php(56): CodeIgniter\Boot::bootWeb(Object(Config\Paths))
11 SYSTEMPATH\Commands\Server\rewrite.php(49): require_once('C:\\xampp\\htdocs\\WotakusCI\\public\\index.php')
CRITICAL - 2024-05-08 10:19:18 --> TypeError: Cannot access offset of type string on string
[Method: GET, Route: dashboard/detail/Jujutsu%20Kaisen]
in APPPATH\Views\admin\admin-partials\detail.php on line 5.
 1 SYSTEMPATH\View\View.php(234): include()
 2 SYSTEMPATH\View\View.php(237): CodeIgniter\View\View->CodeIgniter\View\{closure}()
 3 SYSTEMPATH\Common.php(1171): CodeIgniter\View\View->render('admin/admin-partials/detail', [], true)
 4 APPPATH\Controllers\adminController.php(60): view('admin/admin-partials/detail', [...])
 5 SYSTEMPATH\CodeIgniter.php(933): App\Controllers\adminController->Lihat('Jujutsu Kaisen')
 6 SYSTEMPATH\CodeIgniter.php(509): CodeIgniter\CodeIgniter->runController(Object(App\Controllers\adminController))
 7 SYSTEMPATH\CodeIgniter.php(355): CodeIgniter\CodeIgniter->handleRequest(null, Object(Config\Cache), false)
 8 SYSTEMPATH\Boot.php(312): CodeIgniter\CodeIgniter->run()
 9 SYSTEMPATH\Boot.php(67): CodeIgniter\Boot::runCodeIgniter(Object(CodeIgniter\CodeIgniter))
10 FCPATH\index.php(56): CodeIgniter\Boot::bootWeb(Object(Config\Paths))
11 SYSTEMPATH\Commands\Server\rewrite.php(49): require_once('C:\\xampp\\htdocs\\WotakusCI\\public\\index.php')
CRITICAL - 2024-05-08 10:20:30 --> ErrorException: Undefined variable $animes
[Method: GET, Route: dashboard/detail/Jujutsu%20Kaisen]
in APPPATH\Controllers\adminController.php on line 61.
 1 APPPATH\Controllers\adminController.php(61): CodeIgniter\Debug\Exceptions->errorHandler(2, 'Undefined variable $animes', 'C:\\xampp\\htdocs\\WotakusCI\\app\\Controllers\\adminController.php', 61)
 2 SYSTEMPATH\CodeIgniter.php(933): App\Controllers\adminController->Lihat('Jujutsu Kaisen')
 3 SYSTEMPATH\CodeIgniter.php(509): CodeIgniter\CodeIgniter->runController(Object(App\Controllers\adminController))
 4 SYSTEMPATH\CodeIgniter.php(355): CodeIgniter\CodeIgniter->handleRequest(null, Object(Config\Cache), false)
 5 SYSTEMPATH\Boot.php(312): CodeIgniter\CodeIgniter->run()
 6 SYSTEMPATH\Boot.php(67): CodeIgniter\Boot::runCodeIgniter(Object(CodeIgniter\CodeIgniter))
 7 FCPATH\index.php(56): CodeIgniter\Boot::bootWeb(Object(Config\Paths))
 8 SYSTEMPATH\Commands\Server\rewrite.php(49): require_once('C:\\xampp\\htdocs\\WotakusCI\\public\\index.php')
CRITICAL - 2024-05-08 10:20:44 --> ErrorException: Undefined variable $anime
[Method: GET, Route: dashboard/detail/Jujutsu%20Kaisen]
in APPPATH\Controllers\adminController.php on line 61.
 1 APPPATH\Controllers\adminController.php(61): CodeIgniter\Debug\Exceptions->errorHandler(2, 'Undefined variable $anime', 'C:\\xampp\\htdocs\\WotakusCI\\app\\Controllers\\adminController.php', 61)
 2 SYSTEMPATH\CodeIgniter.php(933): App\Controllers\adminController->Lihat('Jujutsu Kaisen')
 3 SYSTEMPATH\CodeIgniter.php(509): CodeIgniter\CodeIgniter->runController(Object(App\Controllers\adminController))
 4 SYSTEMPATH\CodeIgniter.php(355): CodeIgniter\CodeIgniter->handleRequest(null, Object(Config\Cache), false)
 5 SYSTEMPATH\Boot.php(312): CodeIgniter\CodeIgniter->run()
 6 SYSTEMPATH\Boot.php(67): CodeIgniter\Boot::runCodeIgniter(Object(CodeIgniter\CodeIgniter))
 7 FCPATH\index.php(56): CodeIgniter\Boot::bootWeb(Object(Config\Paths))
 8 SYSTEMPATH\Commands\Server\rewrite.php(49): require_once('C:\\xampp\\htdocs\\WotakusCI\\public\\index.php')
CRITICAL - 2024-05-08 10:21:42 --> ErrorException: Undefined variable $data
[Method: GET, Route: dashboard/detail/Jujutsu%20Kaisen]
in APPPATH\Views\admin\admin-partials\detail.php on line 4.
 1 APPPATH\Views\admin\admin-partials\detail.php(4): CodeIgniter\Debug\Exceptions->errorHandler(2, 'Undefined variable $data', 'C:\\xampp\\htdocs\\WotakusCI\\app\\Views\\admin\\admin-partials\\detail.php', 4)
 2 SYSTEMPATH\View\View.php(234): include('C:\\xampp\\htdocs\\WotakusCI\\app\\Views\\admin\\admin-partials\\detail.php')
 3 SYSTEMPATH\View\View.php(237): CodeIgniter\View\View->CodeIgniter\View\{closure}()
 4 SYSTEMPATH\Common.php(1171): CodeIgniter\View\View->render('admin/admin-partials/detail', [], true)
 5 APPPATH\Controllers\adminController.php(60): view('admin/admin-partials/detail', [...])
 6 SYSTEMPATH\CodeIgniter.php(933): App\Controllers\adminController->Lihat('Jujutsu Kaisen')
 7 SYSTEMPATH\CodeIgniter.php(509): CodeIgniter\CodeIgniter->runController(Object(App\Controllers\adminController))
 8 SYSTEMPATH\CodeIgniter.php(355): CodeIgniter\CodeIgniter->handleRequest(null, Object(Config\Cache), false)
 9 SYSTEMPATH\Boot.php(312): CodeIgniter\CodeIgniter->run()
10 SYSTEMPATH\Boot.php(67): CodeIgniter\Boot::runCodeIgniter(Object(CodeIgniter\CodeIgniter))
11 FCPATH\index.php(56): CodeIgniter\Boot::bootWeb(Object(Config\Paths))
12 SYSTEMPATH\Commands\Server\rewrite.php(49): require_once('C:\\xampp\\htdocs\\WotakusCI\\public\\index.php')
CRITICAL - 2024-05-08 10:22:07 --> TypeError: Cannot access offset of type string on string
[Method: GET, Route: dashboard/detail/Jujutsu%20Kaisen]
in APPPATH\Views\admin\admin-partials\detail.php on line 7.
 1 SYSTEMPATH\View\View.php(234): include()
 2 SYSTEMPATH\View\View.php(237): CodeIgniter\View\View->CodeIgniter\View\{closure}()
 3 SYSTEMPATH\Common.php(1171): CodeIgniter\View\View->render('admin/admin-partials/detail', [], true)
 4 APPPATH\Controllers\adminController.php(60): view('admin/admin-partials/detail', [...])
 5 SYSTEMPATH\CodeIgniter.php(933): App\Controllers\adminController->Lihat('Jujutsu Kaisen')
 6 SYSTEMPATH\CodeIgniter.php(509): CodeIgniter\CodeIgniter->runController(Object(App\Controllers\adminController))
 7 SYSTEMPATH\CodeIgniter.php(355): CodeIgniter\CodeIgniter->handleRequest(null, Object(Config\Cache), false)
 8 SYSTEMPATH\Boot.php(312): CodeIgniter\CodeIgniter->run()
 9 SYSTEMPATH\Boot.php(67): CodeIgniter\Boot::runCodeIgniter(Object(CodeIgniter\CodeIgniter))
10 FCPATH\index.php(56): CodeIgniter\Boot::bootWeb(Object(Config\Paths))
11 SYSTEMPATH\Commands\Server\rewrite.php(49): require_once('C:\\xampp\\htdocs\\WotakusCI\\public\\index.php')
CRITICAL - 2024-05-08 10:22:42 --> TypeError: Cannot access offset of type string on string
[Method: GET, Route: dashboard/detail/Jujutsu%20Kaisen]
in APPPATH\Views\admin\admin-partials\detail.php on line 8.
 1 SYSTEMPATH\View\View.php(234): include()
 2 SYSTEMPATH\View\View.php(237): CodeIgniter\View\View->CodeIgniter\View\{closure}()
 3 SYSTEMPATH\Common.php(1171): CodeIgniter\View\View->render('admin/admin-partials/detail', [], true)
 4 APPPATH\Controllers\adminController.php(60): view('admin/admin-partials/detail', [...])
 5 SYSTEMPATH\CodeIgniter.php(933): App\Controllers\adminController->Lihat('Jujutsu Kaisen')
 6 SYSTEMPATH\CodeIgniter.php(509): CodeIgniter\CodeIgniter->runController(Object(App\Controllers\adminController))
 7 SYSTEMPATH\CodeIgniter.php(355): CodeIgniter\CodeIgniter->handleRequest(null, Object(Config\Cache), false)
 8 SYSTEMPATH\Boot.php(312): CodeIgniter\CodeIgniter->run()
 9 SYSTEMPATH\Boot.php(67): CodeIgniter\Boot::runCodeIgniter(Object(CodeIgniter\CodeIgniter))
10 FCPATH\index.php(56): CodeIgniter\Boot::bootWeb(Object(Config\Paths))
11 SYSTEMPATH\Commands\Server\rewrite.php(49): require_once('C:\\xampp\\htdocs\\WotakusCI\\public\\index.php')
CRITICAL - 2024-05-08 10:27:53 --> ErrorException: Undefined variable $d
[Method: GET, Route: dashboard/detail/Jujutsu%20Kaisen]
in APPPATH\Views\admin\admin-partials\detail.php on line 7.
 1 APPPATH\Views\admin\admin-partials\detail.php(7): CodeIgniter\Debug\Exceptions->errorHandler(2, 'Undefined variable $d', 'C:\\xampp\\htdocs\\WotakusCI\\app\\Views\\admin\\admin-partials\\detail.php', 7)
 2 SYSTEMPATH\View\View.php(234): include('C:\\xampp\\htdocs\\WotakusCI\\app\\Views\\admin\\admin-partials\\detail.php')
 3 SYSTEMPATH\View\View.php(237): CodeIgniter\View\View->CodeIgniter\View\{closure}()
 4 SYSTEMPATH\Common.php(1171): CodeIgniter\View\View->render('admin/admin-partials/detail', [], true)
 5 APPPATH\Controllers\adminController.php(60): view('admin/admin-partials/detail', [...])
 6 SYSTEMPATH\CodeIgniter.php(933): App\Controllers\adminController->Lihat('Jujutsu Kaisen')
 7 SYSTEMPATH\CodeIgniter.php(509): CodeIgniter\CodeIgniter->runController(Object(App\Controllers\adminController))
 8 SYSTEMPATH\CodeIgniter.php(355): CodeIgniter\CodeIgniter->handleRequest(null, Object(Config\Cache), false)
 9 SYSTEMPATH\Boot.php(312): CodeIgniter\CodeIgniter->run()
10 SYSTEMPATH\Boot.php(67): CodeIgniter\Boot::runCodeIgniter(Object(CodeIgniter\CodeIgniter))
11 FCPATH\index.php(56): CodeIgniter\Boot::bootWeb(Object(Config\Paths))
12 SYSTEMPATH\Commands\Server\rewrite.php(49): require_once('C:\\xampp\\htdocs\\WotakusCI\\public\\index.php')
CRITICAL - 2024-05-08 10:28:40 --> ErrorException: Undefined variable $data
[Method: GET, Route: dashboard/detail/Jujutsu%20Kaisen]
in APPPATH\Views\admin\admin-partials\detail.php on line 7.
 1 APPPATH\Views\admin\admin-partials\detail.php(7): CodeIgniter\Debug\Exceptions->errorHandler(2, 'Undefined variable $data', 'C:\\xampp\\htdocs\\WotakusCI\\app\\Views\\admin\\admin-partials\\detail.php', 7)
 2 SYSTEMPATH\View\View.php(234): include('C:\\xampp\\htdocs\\WotakusCI\\app\\Views\\admin\\admin-partials\\detail.php')
 3 SYSTEMPATH\View\View.php(237): CodeIgniter\View\View->CodeIgniter\View\{closure}()
 4 SYSTEMPATH\Common.php(1171): CodeIgniter\View\View->render('admin/admin-partials/detail', [], true)
 5 APPPATH\Controllers\adminController.php(60): view('admin/admin-partials/detail', [...])
 6 SYSTEMPATH\CodeIgniter.php(933): App\Controllers\adminController->Lihat('Jujutsu Kaisen')
 7 SYSTEMPATH\CodeIgniter.php(509): CodeIgniter\CodeIgniter->runController(Object(App\Controllers\adminController))
 8 SYSTEMPATH\CodeIgniter.php(355): CodeIgniter\CodeIgniter->handleRequest(null, Object(Config\Cache), false)
 9 SYSTEMPATH\Boot.php(312): CodeIgniter\CodeIgniter->run()
10 SYSTEMPATH\Boot.php(67): CodeIgniter\Boot::runCodeIgniter(Object(CodeIgniter\CodeIgniter))
11 FCPATH\index.php(56): CodeIgniter\Boot::bootWeb(Object(Config\Paths))
12 SYSTEMPATH\Commands\Server\rewrite.php(49): require_once('C:\\xampp\\htdocs\\WotakusCI\\public\\index.php')
CRITICAL - 2024-05-08 10:29:11 --> ErrorException: Undefined array key "dataesc"
[Method: GET, Route: dashboard/detail/Jujutsu%20Kaisen]
in APPPATH\Views\admin\admin-partials\detail.php on line 9.
 1 APPPATH\Views\admin\admin-partials\detail.php(9): CodeIgniter\Debug\Exceptions->errorHandler(2, 'Undefined array key "dataesc"', 'C:\\xampp\\htdocs\\WotakusCI\\app\\Views\\admin\\admin-partials\\detail.php', 9)
 2 SYSTEMPATH\View\View.php(234): include('C:\\xampp\\htdocs\\WotakusCI\\app\\Views\\admin\\admin-partials\\detail.php')
 3 SYSTEMPATH\View\View.php(237): CodeIgniter\View\View->CodeIgniter\View\{closure}()
 4 SYSTEMPATH\Common.php(1171): CodeIgniter\View\View->render('admin/admin-partials/detail', [], true)
 5 APPPATH\Controllers\adminController.php(60): view('admin/admin-partials/detail', [...])
 6 SYSTEMPATH\CodeIgniter.php(933): App\Controllers\adminController->Lihat('Jujutsu Kaisen')
 7 SYSTEMPATH\CodeIgniter.php(509): CodeIgniter\CodeIgniter->runController(Object(App\Controllers\adminController))
 8 SYSTEMPATH\CodeIgniter.php(355): CodeIgniter\CodeIgniter->handleRequest(null, Object(Config\Cache), false)
 9 SYSTEMPATH\Boot.php(312): CodeIgniter\CodeIgniter->run()
10 SYSTEMPATH\Boot.php(67): CodeIgniter\Boot::runCodeIgniter(Object(CodeIgniter\CodeIgniter))
11 FCPATH\index.php(56): CodeIgniter\Boot::bootWeb(Object(Config\Paths))
12 SYSTEMPATH\Commands\Server\rewrite.php(49): require_once('C:\\xampp\\htdocs\\WotakusCI\\public\\index.php')
CRITICAL - 2024-05-08 10:29:19 --> ErrorException: Undefined array key "desc"
[Method: GET, Route: dashboard/detail/Jujutsu%20Kaisen]
in APPPATH\Views\admin\admin-partials\detail.php on line 9.
 1 APPPATH\Views\admin\admin-partials\detail.php(9): CodeIgniter\Debug\Exceptions->errorHandler(2, 'Undefined array key "desc"', 'C:\\xampp\\htdocs\\WotakusCI\\app\\Views\\admin\\admin-partials\\detail.php', 9)
 2 SYSTEMPATH\View\View.php(234): include('C:\\xampp\\htdocs\\WotakusCI\\app\\Views\\admin\\admin-partials\\detail.php')
 3 SYSTEMPATH\View\View.php(237): CodeIgniter\View\View->CodeIgniter\View\{closure}()
 4 SYSTEMPATH\Common.php(1171): CodeIgniter\View\View->render('admin/admin-partials/detail', [], true)
 5 APPPATH\Controllers\adminController.php(60): view('admin/admin-partials/detail', [...])
 6 SYSTEMPATH\CodeIgniter.php(933): App\Controllers\adminController->Lihat('Jujutsu Kaisen')
 7 SYSTEMPATH\CodeIgniter.php(509): CodeIgniter\CodeIgniter->runController(Object(App\Controllers\adminController))
 8 SYSTEMPATH\CodeIgniter.php(355): CodeIgniter\CodeIgniter->handleRequest(null, Object(Config\Cache), false)
 9 SYSTEMPATH\Boot.php(312): CodeIgniter\CodeIgniter->run()
10 SYSTEMPATH\Boot.php(67): CodeIgniter\Boot::runCodeIgniter(Object(CodeIgniter\CodeIgniter))
11 FCPATH\index.php(56): CodeIgniter\Boot::bootWeb(Object(Config\Paths))
12 SYSTEMPATH\Commands\Server\rewrite.php(49): require_once('C:\\xampp\\htdocs\\WotakusCI\\public\\index.php')
CRITICAL - 2024-05-08 11:21:18 --> TypeError: Cannot access offset of type string on string
[Method: GET, Route: dashboard/detail/Jujutsu%20Kaisen]
in APPPATH\Views\admin\admin-partials\detail.php on line 45.
 1 SYSTEMPATH\View\View.php(234): include()
 2 SYSTEMPATH\View\View.php(237): CodeIgniter\View\View->CodeIgniter\View\{closure}()
 3 SYSTEMPATH\Common.php(1171): CodeIgniter\View\View->render('admin/admin-partials/detail', [], true)
 4 APPPATH\Controllers\adminController.php(60): view('admin/admin-partials/detail', [...])
 5 SYSTEMPATH\CodeIgniter.php(933): App\Controllers\adminController->Lihat('Jujutsu Kaisen')
 6 SYSTEMPATH\CodeIgniter.php(509): CodeIgniter\CodeIgniter->runController(Object(App\Controllers\adminController))
 7 SYSTEMPATH\CodeIgniter.php(355): CodeIgniter\CodeIgniter->handleRequest(null, Object(Config\Cache), false)
 8 SYSTEMPATH\Boot.php(312): CodeIgniter\CodeIgniter->run()
 9 SYSTEMPATH\Boot.php(67): CodeIgniter\Boot::runCodeIgniter(Object(CodeIgniter\CodeIgniter))
10 FCPATH\index.php(56): CodeIgniter\Boot::bootWeb(Object(Config\Paths))
11 SYSTEMPATH\Commands\Server\rewrite.php(49): require_once('C:\\xampp\\htdocs\\WotakusCI\\public\\index.php')
CRITICAL - 2024-05-08 11:22:14 --> TypeError: Cannot access offset of type string on string
[Method: GET, Route: dashboard/detail/Jujutsu%20Kaisen]
in APPPATH\Views\admin\admin-partials\detail.php on line 45.
 1 SYSTEMPATH\View\View.php(234): include()
 2 SYSTEMPATH\View\View.php(237): CodeIgniter\View\View->CodeIgniter\View\{closure}()
 3 SYSTEMPATH\Common.php(1171): CodeIgniter\View\View->render('admin/admin-partials/detail', [], true)
 4 APPPATH\Controllers\adminController.php(60): view('admin/admin-partials/detail', [...])
 5 SYSTEMPATH\CodeIgniter.php(933): App\Controllers\adminController->Lihat('Jujutsu Kaisen')
 6 SYSTEMPATH\CodeIgniter.php(509): CodeIgniter\CodeIgniter->runController(Object(App\Controllers\adminController))
 7 SYSTEMPATH\CodeIgniter.php(355): CodeIgniter\CodeIgniter->handleRequest(null, Object(Config\Cache), false)
 8 SYSTEMPATH\Boot.php(312): CodeIgniter\CodeIgniter->run()
 9 SYSTEMPATH\Boot.php(67): CodeIgniter\Boot::runCodeIgniter(Object(CodeIgniter\CodeIgniter))
10 FCPATH\index.php(56): CodeIgniter\Boot::bootWeb(Object(Config\Paths))
11 SYSTEMPATH\Commands\Server\rewrite.php(49): require_once('C:\\xampp\\htdocs\\WotakusCI\\public\\index.php')
CRITICAL - 2024-05-08 11:25:57 --> ErrorException: Undefined variable $animeS
[Method: GET, Route: dashboard/detail/Jujutsu%20Kaisen]
in APPPATH\Views\admin\admin-partials\detail.php on line 44.
 1 APPPATH\Views\admin\admin-partials\detail.php(44): CodeIgniter\Debug\Exceptions->errorHandler(2, 'Undefined variable $animeS', 'C:\\xampp\\htdocs\\WotakusCI\\app\\Views\\admin\\admin-partials\\detail.php', 44)
 2 SYSTEMPATH\View\View.php(234): include('C:\\xampp\\htdocs\\WotakusCI\\app\\Views\\admin\\admin-partials\\detail.php')
 3 SYSTEMPATH\View\View.php(237): CodeIgniter\View\View->CodeIgniter\View\{closure}()
 4 SYSTEMPATH\Common.php(1171): CodeIgniter\View\View->render('admin/admin-partials/detail', [], true)
 5 APPPATH\Controllers\adminController.php(61): view('admin/admin-partials/detail', [...])
 6 SYSTEMPATH\CodeIgniter.php(933): App\Controllers\adminController->Lihat('Jujutsu Kaisen')
 7 SYSTEMPATH\CodeIgniter.php(509): CodeIgniter\CodeIgniter->runController(Object(App\Controllers\adminController))
 8 SYSTEMPATH\CodeIgniter.php(355): CodeIgniter\CodeIgniter->handleRequest(null, Object(Config\Cache), false)
 9 SYSTEMPATH\Boot.php(312): CodeIgniter\CodeIgniter->run()
10 SYSTEMPATH\Boot.php(67): CodeIgniter\Boot::runCodeIgniter(Object(CodeIgniter\CodeIgniter))
11 FCPATH\index.php(56): CodeIgniter\Boot::bootWeb(Object(Config\Paths))
12 SYSTEMPATH\Commands\Server\rewrite.php(49): require_once('C:\\xampp\\htdocs\\WotakusCI\\public\\index.php')
